[1114/053225.352:ERROR:directory_reader_win.cc(43)] FindFirstFile: The system cannot find the path specified. (0x3)
[1122/230448.465:ERROR:directory_reader_win.cc(43)] FindFirstFile: The system cannot find the path specified. (0x3)
[1124/212723.799:ERROR:directory_reader_win.cc(43)] FindFirstFile: The system cannot find the path specified. (0x3)
[1125/124212.994:ERROR:process_reader_win.cc(151)] SuspendThread: Access is denied. (0x5)
[1125/124213.322:ERROR:process_reader_win.cc(151)] SuspendThread: Access is denied. (0x5)
[1125/124213.322:ERROR:process_reader_win.cc(123)] NtOpenThread: An invalid Client ID was specified. (0xc000000b)
[1125/124213.007:ERROR:process_reader_win.cc(151)] SuspendThread: Access is denied. (0x5)
[1125/124213.018:ERROR:process_reader_win.cc(151)] SuspendThread: Access is denied. (0x5)
[1125/124213.323:ERROR:process_reader_win.cc(123)] NtOpenThread: {Access Denied} A process has requested access to an object, but has not been granted those access rights. (0xc0000022)
[1125/124213.022:ERROR:process_reader_win.cc(123)] NtOpenThread: {Access Denied} A process has requested access to an object, but has not been granted those access rights. (0xc0000022)
[1125/124213.323:ERROR:exception_snapshot_win.cc(99)] thread ID 2188 not found in process
[1125/124213.323:ERROR:exception_snapshot_win.cc(99)] thread ID 13248 not found in process
[1125/124213.323:ERROR:process_reader_win.cc(123)] NtOpenThread: An invalid Client ID was specified. (0xc000000b)
[1125/124213.193:ERROR:process_reader_win.cc(123)] NtOpenThread: {Access Denied} A process has requested access to an object, but has not been granted those access rights. (0xc0000022)
[1125/124213.323:ERROR:process_reader_win.cc(123)] NtOpenThread: {Access Denied} A process has requested access to an object, but has not been granted those access rights. (0xc0000022)
[1125/124213.323:ERROR:exception_snapshot_win.cc(99)] thread ID 13016 not found in process
[1125/124213.323:ERROR:exception_snapshot_win.cc(99)] thread ID 10616 not found in process
[1125/124213.322:ERROR:exception_snapshot_win.cc(99)] thread ID 9696 not found in process
[1125/124213.011:ERROR:process_reader_win.cc(151)] SuspendThread: Access is denied. (0x5)
[1125/124213.323:ERROR:process_reader_win.cc(151)] SuspendThread: Access is denied. (0x5)
[1125/124213.323:ERROR:process_reader_win.cc(123)] NtOpenThread: {Access Denied} A process has requested access to an object, but has not been granted those access rights. (0xc0000022)
[1125/124213.324:ERROR:exception_snapshot_win.cc(99)] thread ID 20156 not found in process
[1125/124213.015:ERROR:process_reader_win.cc(151)] SuspendThread: Access is denied. (0x5)
[1125/124213.324:ERROR:process_reader_win.cc(151)] SuspendThread: Access is denied. (0x5)
[1125/124213.324:ERROR:process_reader_win.cc(123)] NtOpenThread: An invalid Client ID was specified. (0xc000000b)
[1125/124213.324:ERROR:exception_snapshot_win.cc(99)] thread ID 10408 not found in process
[1125/124213.323:ERROR:scoped_process_suspend.cc(31)] NtSuspendProcess: An attempt was made to access an exiting process. (0xc000010a)
[1125/124213.323:ERROR:scoped_process_suspend.cc(31)] NtSuspendProcess: An attempt was made to access an exiting process. (0xc000010a)
[1125/124213.323:ERROR:scoped_process_suspend.cc(40)] NtResumeProcess: An attempt was made to access an exiting process. (0xc000010a)
[1125/124213.324:ERROR:process_info.cc(118)] ReadProcessMemory bool __cdecl crashpad::(anonymous namespace)::ReadStruct(HANDLE, crashpad::WinVMAddress, T *) [T = crashpad::process_types::PEB<crashpad::process_types::internal::Traits64>]: Only part of a ReadProcessMemory or WriteProcessMemory request was completed. (0x12B)
[1125/124213.325:ERROR:process_info.cc(551)] ReadProcessData failed
[1125/124213.325:ERROR:process_info.cc(118)] ReadProcessMemory bool __cdecl crashpad::(anonymous namespace)::ReadStruct(HANDLE, crashpad::WinVMAddress, T *) [T = crashpad::process_types::PEB<crashpad::process_types::internal::Traits64>]: Only part of a ReadProcessMemory or WriteProcessMemory request was completed. (0x12B)
[1125/124213.325:ERROR:process_info.cc(551)] ReadProcessData failed
[1125/124213.324:ERROR:scoped_process_suspend.cc(31)] NtSuspendProcess: An attempt was made to access an exiting process. (0xc000010a)
[1125/124213.325:ERROR:process_info.cc(118)] ReadProcessMemory bool __cdecl crashpad::(anonymous namespace)::ReadStruct(HANDLE, crashpad::WinVMAddress, T *) [T = crashpad::process_types::PEB<crashpad::process_types::internal::Traits64>]: Only part of a ReadProcessMemory or WriteProcessMemory request was completed. (0x12B)
[1125/124213.325:ERROR:process_info.cc(551)] ReadProcessData failed
[1125/124213.323:ERROR:scoped_process_suspend.cc(40)] NtResumeProcess: An attempt was made to access an exiting process. (0xc000010a)
[1125/124213.337:ERROR:process_reader_win.cc(123)] NtOpenThread: {Access Denied} A process has requested access to an object, but has not been granted those access rights. (0xc0000022)
[1125/124213.337:ERROR:exception_snapshot_win.cc(99)] thread ID 9780 not found in process
[1125/124213.361:ERROR:process_reader_win.cc(123)] NtOpenThread: {Access Denied} A process has requested access to an object, but has not been granted those access rights. (0xc0000022)
[1125/124213.361:ERROR:exception_snapshot_win.cc(99)] thread ID 8440 not found in process
[1203/215147.991:ERROR:directory_reader_win.cc(43)] FindFirstFile: The system cannot find the path specified. (0x3)
[1218/212616.384:ERROR:directory_reader_win.cc(43)] FindFirstFile: The system cannot find the path specified. (0x3)
[1220/083826.134:ERROR:directory_reader_win.cc(43)] FindFirstFile: The system cannot find the path specified. (0x3)
[1220/122135.731:ERROR:process_reader_win.cc(188)] ResumeThread: The parameter is incorrect. (0x57)
[1220/122136.062:ERROR:process_reader_win.cc(123)] NtOpenThread: An invalid Client ID was specified. (0xc000000b)
[1220/122136.062:ERROR:process_reader_win.cc(123)] NtOpenThread: An invalid Client ID was specified. (0xc000000b)
[1220/122136.062:ERROR:process_reader_win.cc(123)] NtOpenThread: An invalid Client ID was specified. (0xc000000b)
[1220/122136.062:ERROR:process_reader_win.cc(123)] NtOpenThread: An invalid Client ID was specified. (0xc000000b)
[1220/122136.062:ERROR:process_reader_win.cc(123)] NtOpenThread: An invalid Client ID was specified. (0xc000000b)
[1220/122136.063:ERROR:process_reader_win.cc(123)] NtOpenThread: An invalid Client ID was specified. (0xc000000b)
[1220/122136.063:ERROR:process_reader_win.cc(123)] NtOpenThread: An invalid Client ID was specified. (0xc000000b)
[1220/122136.063:ERROR:process_reader_win.cc(123)] NtOpenThread: An invalid Client ID was specified. (0xc000000b)
[1220/122136.063:ERROR:process_reader_win.cc(123)] NtOpenThread: An invalid Client ID was specified. (0xc000000b)
[1220/122136.063:ERROR:process_reader_win.cc(123)] NtOpenThread: An invalid Client ID was specified. (0xc000000b)
[1220/122136.063:ERROR:process_reader_win.cc(123)] NtOpenThread: An invalid Client ID was specified. (0xc000000b)
[1220/122136.063:ERROR:process_reader_win.cc(123)] NtOpenThread: An invalid Client ID was specified. (0xc000000b)
[1220/122136.063:ERROR:process_reader_win.cc(123)] NtOpenThread: An invalid Client ID was specified. (0xc000000b)
[1220/122136.063:ERROR:exception_snapshot_win.cc(99)] thread ID 14524 not found in process
[1220/122136.063:ERROR:scoped_process_suspend.cc(40)] NtResumeProcess: An attempt was made to access an exiting process. (0xc000010a)
